{"level":"error","message":"listen EADDRINUSE: address already in use :::80"}
{"level":"error","message":"listen EADDRINUSE: address already in use :::80"}
{"level":"error","message":"Cannot destructure property 'name' of 'undefined' as it is undefined."}
{"level":"error","message":"Cannot destructure property 'name' of 'undefined' as it is undefined."}
{"level":"error","message":"Cannot destructure property 'name' of 'undefined' as it is undefined."}
{"level":"error","message":"مساوی نیست"}
{"level":"error","message":"مساوی نیست"}
{"level":"error","message":"مساوی نیست"}
{"level":"error","message":"مساوی نیست"}
{"level":"error","message":"مساوی نیست"}
{"level":"error","message":"مساوی نیست"}
{"level":"error","message":"مساوی نیست"}
{"level":"error","message":"مساوی نیست"}
{"level":"error","message":"مساوی نیست"}
{"level":"error","message":"مساوی نیست"}
{"level":"error","message":"مساوی نیست"}
{"level":"error","message":"Cannot read properties of undefined (reading '0')"}
{"level":"error","message":"Listen method has been called more than once without closing."}
{"level":"error","message":"Listen method has been called more than once without closing."}
{"level":"error","message":"data is not defined"}
{"level":"error","message":"data is not defined"}
{"level":"error","message":"مساوی نیست"}
{"level":"error","message":"Cannot read properties of undefined (reading 'join')"}
